Minus 1 hour for UAE time

Started: 5:00 PM (Pakistan Time)

Worked from 5:00 PM to 5:20 PM
Took break from 5:20 PM - 5:40 PM
Worked from 5:40 PM - 5:55 PM
Took break from 5:55 PM - 6:15 PM
Worked from 6:15 - 6:25 PM
Took break from 6:25 PM - 6:40 PM
Worked from 6:40 PM - 6:55 PM
Took long break from 6:55 PM to 7:00 AM ( October 3 2014)
Worked from 8:30 AM - 9:20 AM
Took break from 9:20 AM - 9:45 AM
Worked from 9:50 AM - 10:00 AM
Took break from 10:00 AM - 3:50 PM
Worked from 4:55 PM - 4:57 PM
Took break from 4:57 PM to 17:05
Worked from 17:06 PM to 17:10
Took break/ Drove from 17:10 to 18:15
Worked from 18:50 to 19:10 
Took break from 19:10 to 19:25 
Worked from 19:25 to 19:35
Took break from 19:35 to 20:00
Worked from 20:00 to 20:05
Took break from 20:05 to 22:05 (Dinner with parents and time out)
Worked from 22:05 to 13:05 
Took break from 23:05 to 00:10 
Worked from ...

